{"/home/ubuntu/Downloads/exam-online-master-2/sum.js": {"path":"/home/ubuntu/Downloads/exam-online-master-2/sum.js","statementMap":{"0":{"start":{"line":2,"column":2},"end":{"line":2,"column":15}},"1":{"start":{"line":4,"column":0},"end":{"line":4,"column":21}}},"fnMap":{"0":{"name":"sum","decl":{"start":{"line":1,"column":9},"end":{"line":1,"column":12}},"loc":{"start":{"line":1,"column":19},"end":{"line":3,"column":1}},"line":1}},"branchMap":{},"s":{"0":1,"1":1},"f":{"0":1},"b":{},"_coverageSchema":"1a1c01bbd47fc00a2c39e90264f33305004495a9","hash":"329efb7cce8a280e0c13ea5a1d96e2a78a1a8c6d"}
,"/home/ubuntu/Downloads/exam-online-master-2/src/components/HelloWorld.vue": {"path":"/home/ubuntu/Downloads/exam-online-master-2/src/components/HelloWorld.vue","statementMap":{"0":{"start":{"line":33,"column":0},"end":{"line":40,"column":null}},"1":{"start":{"line":40,"column":0},"end":{"line":40,"column":null}},"2":{"start":{"line":1,"column":0},"end":{"line":1,"column":null}}},"fnMap":{"0":{"name":"(anonymous_0)","decl":{"start":{"line":1,"column":0},"end":{"line":1,"column":null}},"loc":{"start":{"line":1,"column":0},"end":{"line":1,"column":null}}}},"branchMap":{},"s":{"0":1,"1":1,"2":9},"f":{"0":2},"b":{}}
,"/home/ubuntu/Downloads/exam-online-master-2/src/components/Pagination.vue": {"path":"/home/ubuntu/Downloads/exam-online-master-2/src/components/Pagination.vue","statementMap":{"0":{"start":{"line":8,"column":0},"end":{"line":35,"column":null}},"1":{"start":{"line":35,"column":0},"end":{"line":35,"column":null}},"2":{"start":{"line":1,"column":0},"end":{"line":1,"column":null}}},"fnMap":{"0":{"name":"(anonymous_3)","decl":{"start":{"line":1,"column":0},"end":{"line":1,"column":null}},"loc":{"start":{"line":1,"column":0},"end":{"line":1,"column":null}}}},"branchMap":{},"s":{"0":4,"1":4,"2":18},"f":{"0":2},"b":{}}
,"/home/ubuntu/Downloads/exam-online-master-2/src/components/SlideVerification.vue": {"path":"/home/ubuntu/Downloads/exam-online-master-2/src/components/SlideVerification.vue","statementMap":{"0":{"start":{"line":9,"column":0},"end":{"line":73,"column":null}},"1":{"start":{"line":73,"column":0},"end":{"line":73,"column":null}},"2":{"start":{"line":1,"column":0},"end":{"line":1,"column":null}}},"fnMap":{"0":{"name":"(anonymous_7)","decl":{"start":{"line":1,"column":0},"end":{"line":1,"column":null}},"loc":{"start":{"line":1,"column":0},"end":{"line":1,"column":null}}}},"branchMap":{},"s":{"0":3,"1":3,"2":15},"f":{"0":2},"b":{}}
,"/home/ubuntu/Downloads/exam-online-master-2/src/components/TimeCountDown.vue": {"path":"/home/ubuntu/Downloads/exam-online-master-2/src/components/TimeCountDown.vue","statementMap":{"0":{"start":{"line":7,"column":0},"end":{"line":76,"column":null}},"1":{"start":{"line":76,"column":0},"end":{"line":76,"column":null}},"2":{"start":{"line":1,"column":0},"end":{"line":1,"column":null}}},"fnMap":{"0":{"name":"(anonymous_7)","decl":{"start":{"line":1,"column":0},"end":{"line":1,"column":null}},"loc":{"start":{"line":1,"column":0},"end":{"line":1,"column":null}}}},"branchMap":{},"s":{"0":2,"1":2,"2":12},"f":{"0":2},"b":{}}
,"/home/ubuntu/Downloads/exam-online-master-2/src/layout/index.vue": {"path":"/home/ubuntu/Downloads/exam-online-master-2/src/layout/index.vue","statementMap":{"0":{"start":{"line":48,"column":0},"end":{"line":90,"column":null}},"1":{"start":{"line":90,"column":0},"end":{"line":90,"column":null}},"2":{"start":{"line":1,"column":0},"end":{"line":1,"column":null}}},"fnMap":{"0":{"name":"(anonymous_7)","decl":{"start":{"line":1,"column":0},"end":{"line":1,"column":null}},"loc":{"start":{"line":1,"column":0},"end":{"line":1,"column":null}}}},"branchMap":{},"s":{"0":4,"1":4,"2":12},"f":{"0":0},"b":{}}
,"/home/ubuntu/Downloads/exam-online-master-2/src/router/index.js": {"path":"/home/ubuntu/Downloads/exam-online-master-2/src/router/index.js","statementMap":{"0":{"start":{"line":5,"column":0},"end":{"line":5,"column":18}},"1":{"start":{"line":7,"column":15},"end":{"line":125,"column":1}},"2":{"start":{"line":13,"column":21},"end":{"line":13,"column":48}},"3":{"start":{"line":22,"column":21},"end":{"line":22,"column":52}},"4":{"start":{"line":30,"column":21},"end":{"line":30,"column":49}},"5":{"start":{"line":38,"column":21},"end":{"line":38,"column":50}},"6":{"start":{"line":46,"column":21},"end":{"line":46,"column":52}},"7":{"start":{"line":54,"column":21},"end":{"line":54,"column":49}},"8":{"start":{"line":62,"column":21},"end":{"line":62,"column":49}},"9":{"start":{"line":70,"column":21},"end":{"line":70,"column":52}},"10":{"start":{"line":80,"column":19},"end":{"line":80,"column":48}},"11":{"start":{"line":88,"column":19},"end":{"line":88,"column":48}},"12":{"start":{"line":96,"column":19},"end":{"line":96,"column":47}},"13":{"start":{"line":104,"column":19},"end":{"line":104,"column":50}},"14":{"start":{"line":112,"column":19},"end":{"line":112,"column":49}},"15":{"start":{"line":120,"column":19},"end":{"line":120,"column":47}},"16":{"start":{"line":127,"column":15},"end":{"line":131,"column":2}},"17":{"start":{"line":135,"column":0},"end":{"line":151,"column":3}},"18":{"start":{"line":137,"column":1},"end":{"line":139,"column":2}},"19":{"start":{"line":138,"column":2},"end":{"line":138,"column":32}},"20":{"start":{"line":141,"column":1},"end":{"line":150,"column":2}},"21":{"start":{"line":142,"column":2},"end":{"line":142,"column":9}},"22":{"start":{"line":144,"column":14},"end":{"line":144,"column":53}},"23":{"start":{"line":145,"column":2},"end":{"line":149,"column":3}},"24":{"start":{"line":146,"column":3},"end":{"line":146,"column":18}},"25":{"start":{"line":148,"column":3},"end":{"line":148,"column":10}}},"fnMap":{"0":{"name":"(anonymous_0)","decl":{"start":{"line":13,"column":15},"end":{"line":13,"column":16}},"loc":{"start":{"line":13,"column":21},"end":{"line":13,"column":48}},"line":13},"1":{"name":"(anonymous_1)","decl":{"start":{"line":22,"column":15},"end":{"line":22,"column":16}},"loc":{"start":{"line":22,"column":21},"end":{"line":22,"column":52}},"line":22},"2":{"name":"(anonymous_2)","decl":{"start":{"line":30,"column":15},"end":{"line":30,"column":16}},"loc":{"start":{"line":30,"column":21},"end":{"line":30,"column":49}},"line":30},"3":{"name":"(anonymous_3)","decl":{"start":{"line":38,"column":15},"end":{"line":38,"column":16}},"loc":{"start":{"line":38,"column":21},"end":{"line":38,"column":50}},"line":38},"4":{"name":"(anonymous_4)","decl":{"start":{"line":46,"column":15},"end":{"line":46,"column":16}},"loc":{"start":{"line":46,"column":21},"end":{"line":46,"column":52}},"line":46},"5":{"name":"(anonymous_5)","decl":{"start":{"line":54,"column":15},"end":{"line":54,"column":16}},"loc":{"start":{"line":54,"column":21},"end":{"line":54,"column":49}},"line":54},"6":{"name":"(anonymous_6)","decl":{"start":{"line":62,"column":15},"end":{"line":62,"column":16}},"loc":{"start":{"line":62,"column":21},"end":{"line":62,"column":49}},"line":62},"7":{"name":"(anonymous_7)","decl":{"start":{"line":70,"column":15},"end":{"line":70,"column":16}},"loc":{"start":{"line":70,"column":21},"end":{"line":70,"column":52}},"line":70},"8":{"name":"(anonymous_8)","decl":{"start":{"line":80,"column":13},"end":{"line":80,"column":14}},"loc":{"start":{"line":80,"column":19},"end":{"line":80,"column":48}},"line":80},"9":{"name":"(anonymous_9)","decl":{"start":{"line":88,"column":13},"end":{"line":88,"column":14}},"loc":{"start":{"line":88,"column":19},"end":{"line":88,"column":48}},"line":88},"10":{"name":"(anonymous_10)","decl":{"start":{"line":96,"column":13},"end":{"line":96,"column":14}},"loc":{"start":{"line":96,"column":19},"end":{"line":96,"column":47}},"line":96},"11":{"name":"(anonymous_11)","decl":{"start":{"line":104,"column":13},"end":{"line":104,"column":14}},"loc":{"start":{"line":104,"column":19},"end":{"line":104,"column":50}},"line":104},"12":{"name":"(anonymous_12)","decl":{"start":{"line":112,"column":13},"end":{"line":112,"column":14}},"loc":{"start":{"line":112,"column":19},"end":{"line":112,"column":49}},"line":112},"13":{"name":"(anonymous_13)","decl":{"start":{"line":120,"column":13},"end":{"line":120,"column":14}},"loc":{"start":{"line":120,"column":19},"end":{"line":120,"column":47}},"line":120},"14":{"name":"(anonymous_14)","decl":{"start":{"line":135,"column":18},"end":{"line":135,"column":19}},"loc":{"start":{"line":135,"column":38},"end":{"line":151,"column":1}},"line":135}},"branchMap":{"0":{"loc":{"start":{"line":137,"column":1},"end":{"line":139,"column":2}},"type":"if","locations":[{"start":{"line":137,"column":1},"end":{"line":139,"column":2}},{"start":{},"end":{}}],"line":137},"1":{"loc":{"start":{"line":141,"column":1},"end":{"line":150,"column":2}},"type":"if","locations":[{"start":{"line":141,"column":1},"end":{"line":150,"column":2}},{"start":{"line":143,"column":8},"end":{"line":150,"column":2}}],"line":141},"2":{"loc":{"start":{"line":141,"column":5},"end":{"line":141,"column":52}},"type":"binary-expr","locations":[{"start":{"line":141,"column":5},"end":{"line":141,"column":25}},{"start":{"line":141,"column":29},"end":{"line":141,"column":52}}],"line":141},"3":{"loc":{"start":{"line":145,"column":2},"end":{"line":149,"column":3}},"type":"if","locations":[{"start":{"line":145,"column":2},"end":{"line":149,"column":3}},{"start":{"line":147,"column":9},"end":{"line":149,"column":3}}],"line":145},"4":{"loc":{"start":{"line":145,"column":6},"end":{"line":145,"column":36}},"type":"binary-expr","locations":[{"start":{"line":145,"column":6},"end":{"line":145,"column":20}},{"start":{"line":145,"column":24},"end":{"line":145,"column":36}}],"line":145}},"s":{"0":4,"1":4,"2":0,"3":0,"4":0,"5":0,"6":0,"7":0,"8":0,"9":0,"10":0,"11":0,"12":0,"13":0,"14":0,"15":0,"16":4,"17":4,"18":0,"19":0,"20":0,"21":0,"22":0,"23":0,"24":0,"25":0},"f":{"0":0,"1":0,"2":0,"3":0,"4":0,"5":0,"6":0,"7":0,"8":0,"9":0,"10":0,"11":0,"12":0,"13":0,"14":0},"b":{"0":[0,0],"1":[0,0],"2":[0,0],"3":[0,0],"4":[0,0]},"_coverageSchema":"1a1c01bbd47fc00a2c39e90264f33305004495a9","hash":"393aa92ebf22f55728dacebde7276ec6e2cff70b"}
,"/home/ubuntu/Downloads/exam-online-master-2/src/store/index.js": {"path":"/home/ubuntu/Downloads/exam-online-master-2/src/store/index.js","statementMap":{"0":{"start":{"line":4,"column":0},"end":{"line":4,"column":13}},"1":{"start":{"line":15,"column":2},"end":{"line":15,"column":21}},"2":{"start":{"line":16,"column":2},"end":{"line":16,"column":56}},"3":{"start":{"line":19,"column":4},"end":{"line":19,"column":26}},"4":{"start":{"line":20,"column":4},"end":{"line":20,"column":61}},"5":{"start":{"line":23,"column":4},"end":{"line":23,"column":32}},"6":{"start":{"line":24,"column":4},"end":{"line":24,"column":51}},"7":{"start":{"line":27,"column":4},"end":{"line":27,"column":29}},"8":{"start":{"line":28,"column":4},"end":{"line":28,"column":47}}},"fnMap":{"0":{"name":"(anonymous_0)","decl":{"start":{"line":14,"column":3},"end":{"line":14,"column":4}},"loc":{"start":{"line":14,"column":25},"end":{"line":17,"column":4}},"line":14},"1":{"name":"(anonymous_1)","decl":{"start":{"line":18,"column":3},"end":{"line":18,"column":4}},"loc":{"start":{"line":18,"column":28},"end":{"line":21,"column":4}},"line":18},"2":{"name":"(anonymous_2)","decl":{"start":{"line":22,"column":3},"end":{"line":22,"column":4}},"loc":{"start":{"line":22,"column":34},"end":{"line":25,"column":4}},"line":22},"3":{"name":"(anonymous_3)","decl":{"start":{"line":26,"column":3},"end":{"line":26,"column":4}},"loc":{"start":{"line":26,"column":31},"end":{"line":29,"column":4}},"line":26}},"branchMap":{"0":{"loc":{"start":{"line":8,"column":9},"end":{"line":8,"column":89}},"type":"cond-expr","locations":[{"start":{"line":8,"column":42},"end":{"line":8,"column":84}},{"start":{"line":8,"column":87},"end":{"line":8,"column":89}}],"line":8},"1":{"loc":{"start":{"line":9,"column":12},"end":{"line":9,"column":98}},"type":"cond-expr","locations":[{"start":{"line":9,"column":48},"end":{"line":9,"column":93}},{"start":{"line":9,"column":96},"end":{"line":9,"column":98}}],"line":9},"2":{"loc":{"start":{"line":10,"column":18},"end":{"line":10,"column":104}},"type":"cond-expr","locations":[{"start":{"line":10,"column":60},"end":{"line":10,"column":99}},{"start":{"line":10,"column":102},"end":{"line":10,"column":104}}],"line":10},"3":{"loc":{"start":{"line":11,"column":15},"end":{"line":11,"column":98}},"type":"cond-expr","locations":[{"start":{"line":11,"column":54},"end":{"line":11,"column":90}},{"start":{"line":11,"column":93},"end":{"line":11,"column":98}}],"line":11}},"s":{"0":6,"1":0,"2":0,"3":0,"4":0,"5":0,"6":0,"7":0,"8":0},"f":{"0":0,"1":0,"2":0,"3":0},"b":{"0":[0,6],"1":[0,6],"2":[0,6],"3":[0,6]},"_coverageSchema":"1a1c01bbd47fc00a2c39e90264f33305004495a9","hash":"5c6505741b7602931000c4934422ec2c854db721"}
,"/home/ubuntu/Downloads/exam-online-master-2/src/views/Answer.vue": {"path":"/home/ubuntu/Downloads/exam-online-master-2/src/views/Answer.vue","statementMap":{"0":{"start":{"line":144,"column":0},"end":{"line":144,"column":null}},"1":{"start":{"line":145,"column":0},"end":{"line":145,"column":null}},"2":{"start":{"line":148,"column":0},"end":{"line":148,"column":null}},"3":{"start":{"line":151,"column":0},"end":{"line":151,"column":null}},"4":{"start":{"line":146,"column":0},"end":{"line":146,"column":null}},"5":{"start":{"line":149,"column":0},"end":{"line":489,"column":null}},"6":{"start":{"line":489,"column":0},"end":{"line":489,"column":null}},"7":{"start":{"line":1,"column":0},"end":{"line":1,"column":null}}},"fnMap":{"0":{"name":"(anonymous_53)","decl":{"start":{"line":1,"column":0},"end":{"line":1,"column":null}},"loc":{"start":{"line":1,"column":0},"end":{"line":1,"column":null}}}},"branchMap":{"0":{"loc":{"start":{"line":1,"column":0},"end":{"line":1,"column":null}},"type":"cond-expr","locations":[{"start":{"line":1,"column":0},"end":{"line":1,"column":null}},{"start":{"line":1,"column":0},"end":{"line":1,"column":null}}]}},"s":{"0":1,"1":1,"2":1,"3":1,"4":1,"5":1,"6":1,"7":9},"f":{"0":2},"b":{"0":[2,0]}}
,"/home/ubuntu/Downloads/exam-online-master-2/src/views/Center.vue": {"path":"/home/ubuntu/Downloads/exam-online-master-2/src/views/Center.vue","statementMap":{"0":{"start":{"line":40,"column":0},"end":{"line":40,"column":null}},"1":{"start":{"line":41,"column":0},"end":{"line":41,"column":null}},"2":{"start":{"line":49,"column":0},"end":{"line":49,"column":null}},"3":{"start":{"line":53,"column":0},"end":{"line":53,"column":null}},"4":{"start":{"line":43,"column":0},"end":{"line":43,"column":null}},"5":{"start":{"line":44,"column":0},"end":{"line":44,"column":null}},"6":{"start":{"line":45,"column":0},"end":{"line":45,"column":null}},"7":{"start":{"line":46,"column":0},"end":{"line":46,"column":null}},"8":{"start":{"line":47,"column":0},"end":{"line":47,"column":null}},"9":{"start":{"line":50,"column":0},"end":{"line":50,"column":null}},"10":{"start":{"line":50,"column":0},"end":{"line":164,"column":null}},"11":{"start":{"line":164,"column":0},"end":{"line":164,"column":null}},"12":{"start":{"line":1,"column":0},"end":{"line":1,"column":null}}},"fnMap":{"0":{"name":"(anonymous_10)","decl":{"start":{"line":1,"column":0},"end":{"line":1,"column":null}},"loc":{"start":{"line":1,"column":0},"end":{"line":1,"column":null}}}},"branchMap":{},"s":{"0":1,"1":1,"2":1,"3":1,"4":1,"5":1,"6":1,"7":1,"8":1,"9":1,"10":1,"11":1,"12":9},"f":{"0":2},"b":{}}
,"/home/ubuntu/Downloads/exam-online-master-2/src/views/Exam.vue": {"path":"/home/ubuntu/Downloads/exam-online-master-2/src/views/Exam.vue","statementMap":{"0":{"start":{"line":41,"column":0},"end":{"line":41,"column":null}},"1":{"start":{"line":42,"column":0},"end":{"line":42,"column":null}},"2":{"start":{"line":47,"column":0},"end":{"line":47,"column":null}},"3":{"start":{"line":49,"column":0},"end":{"line":49,"column":null}},"4":{"start":{"line":52,"column":0},"end":{"line":52,"column":null}},"5":{"start":{"line":44,"column":0},"end":{"line":44,"column":null}},"6":{"start":{"line":45,"column":0},"end":{"line":45,"column":null}},"7":{"start":{"line":50,"column":0},"end":{"line":50,"column":null}},"8":{"start":{"line":50,"column":0},"end":{"line":139,"column":null}},"9":{"start":{"line":139,"column":0},"end":{"line":139,"column":null}},"10":{"start":{"line":1,"column":0},"end":{"line":1,"column":null}}},"fnMap":{"0":{"name":"(anonymous_10)","decl":{"start":{"line":1,"column":0},"end":{"line":1,"column":null}},"loc":{"start":{"line":1,"column":0},"end":{"line":1,"column":null}}}},"branchMap":{"0":{"loc":{"start":{"line":1,"column":0},"end":{"line":1,"column":null}},"type":"cond-expr","locations":[{"start":{"line":1,"column":0},"end":{"line":1,"column":null}},{"start":{"line":1,"column":0},"end":{"line":1,"column":null}}]}},"s":{"0":1,"1":1,"2":1,"3":1,"4":1,"5":1,"6":1,"7":1,"8":1,"9":1,"10":9},"f":{"0":2},"b":{"0":[0,0]}}
,"/home/ubuntu/Downloads/exam-online-master-2/src/views/Grade.vue": {"path":"/home/ubuntu/Downloads/exam-online-master-2/src/views/Grade.vue","statementMap":{"0":{"start":{"line":51,"column":0},"end":{"line":51,"column":null}},"1":{"start":{"line":52,"column":0},"end":{"line":52,"column":null}},"2":{"start":{"line":57,"column":0},"end":{"line":57,"column":null}},"3":{"start":{"line":59,"column":0},"end":{"line":59,"column":null}},"4":{"start":{"line":62,"column":0},"end":{"line":62,"column":null}},"5":{"start":{"line":54,"column":0},"end":{"line":54,"column":null}},"6":{"start":{"line":55,"column":0},"end":{"line":55,"column":null}},"7":{"start":{"line":60,"column":0},"end":{"line":60,"column":null}},"8":{"start":{"line":60,"column":0},"end":{"line":124,"column":null}},"9":{"start":{"line":124,"column":0},"end":{"line":124,"column":null}},"10":{"start":{"line":1,"column":0},"end":{"line":1,"column":null}}},"fnMap":{"0":{"name":"(anonymous_8)","decl":{"start":{"line":1,"column":0},"end":{"line":1,"column":null}},"loc":{"start":{"line":1,"column":0},"end":{"line":1,"column":null}}}},"branchMap":{"0":{"loc":{"start":{"line":1,"column":0},"end":{"line":1,"column":null}},"type":"cond-expr","locations":[{"start":{"line":1,"column":0},"end":{"line":1,"column":null}},{"start":{"line":1,"column":0},"end":{"line":1,"column":null}}]}},"s":{"0":1,"1":1,"2":1,"3":1,"4":1,"5":1,"6":1,"7":1,"8":1,"9":1,"10":19},"f":{"0":12},"b":{"0":[0,0]}}
,"/home/ubuntu/Downloads/exam-online-master-2/src/views/Login.vue": {"path":"/home/ubuntu/Downloads/exam-online-master-2/src/views/Login.vue","statementMap":{"0":{"start":{"line":35,"column":0},"end":{"line":35,"column":null}},"1":{"start":{"line":36,"column":0},"end":{"line":36,"column":null}},"2":{"start":{"line":41,"column":0},"end":{"line":41,"column":null}},"3":{"start":{"line":44,"column":0},"end":{"line":44,"column":null}},"4":{"start":{"line":47,"column":0},"end":{"line":47,"column":null}},"5":{"start":{"line":38,"column":0},"end":{"line":38,"column":null}},"6":{"start":{"line":39,"column":0},"end":{"line":39,"column":null}},"7":{"start":{"line":42,"column":0},"end":{"line":42,"column":null}},"8":{"start":{"line":45,"column":0},"end":{"line":45,"column":null}},"9":{"start":{"line":45,"column":0},"end":{"line":114,"column":null}},"10":{"start":{"line":114,"column":0},"end":{"line":114,"column":null}},"11":{"start":{"line":1,"column":0},"end":{"line":1,"column":null}}},"fnMap":{"0":{"name":"(anonymous_6)","decl":{"start":{"line":1,"column":0},"end":{"line":1,"column":null}},"loc":{"start":{"line":1,"column":0},"end":{"line":1,"column":null}}}},"branchMap":{},"s":{"0":1,"1":1,"2":1,"3":1,"4":1,"5":1,"6":1,"7":1,"8":1,"9":1,"10":1,"11":9},"f":{"0":2},"b":{}}
,"/home/ubuntu/Downloads/exam-online-master-2/src/views/Mistakes.vue": {"path":"/home/ubuntu/Downloads/exam-online-master-2/src/views/Mistakes.vue","statementMap":{"0":{"start":{"line":17,"column":0},"end":{"line":86,"column":null}},"1":{"start":{"line":86,"column":0},"end":{"line":86,"column":null}},"2":{"start":{"line":1,"column":0},"end":{"line":1,"column":null}}},"fnMap":{"0":{"name":"(anonymous_1)","decl":{"start":{"line":1,"column":0},"end":{"line":1,"column":null}},"loc":{"start":{"line":1,"column":0},"end":{"line":1,"column":null}}}},"branchMap":{},"s":{"0":1,"1":1,"2":109},"f":{"0":102},"b":{}}
,"/home/ubuntu/Downloads/exam-online-master-2/src/views/Password.vue": {"path":"/home/ubuntu/Downloads/exam-online-master-2/src/views/Password.vue","statementMap":{"0":{"start":{"line":21,"column":0},"end":{"line":21,"column":null}},"1":{"start":{"line":22,"column":0},"end":{"line":22,"column":null}},"2":{"start":{"line":27,"column":0},"end":{"line":27,"column":null}},"3":{"start":{"line":30,"column":0},"end":{"line":30,"column":null}},"4":{"start":{"line":24,"column":0},"end":{"line":24,"column":null}},"5":{"start":{"line":25,"column":0},"end":{"line":25,"column":null}},"6":{"start":{"line":28,"column":0},"end":{"line":28,"column":null}},"7":{"start":{"line":31,"column":0},"end":{"line":31,"column":null}},"8":{"start":{"line":31,"column":0},"end":{"line":144,"column":null}},"9":{"start":{"line":144,"column":0},"end":{"line":144,"column":null}},"10":{"start":{"line":1,"column":0},"end":{"line":1,"column":null}}},"fnMap":{"0":{"name":"(anonymous_10)","decl":{"start":{"line":1,"column":0},"end":{"line":1,"column":null}},"loc":{"start":{"line":1,"column":0},"end":{"line":1,"column":null}}}},"branchMap":{},"s":{"0":1,"1":1,"2":1,"3":1,"4":1,"5":1,"6":1,"7":1,"8":1,"9":1,"10":9},"f":{"0":2},"b":{}}
,"/home/ubuntu/Downloads/exam-online-master-2/src/views/Payment.vue": {"path":"/home/ubuntu/Downloads/exam-online-master-2/src/views/Payment.vue","statementMap":{"0":{"start":{"line":18,"column":0},"end":{"line":18,"column":null}},"1":{"start":{"line":16,"column":0},"end":{"line":49,"column":null}},"2":{"start":{"line":49,"column":0},"end":{"line":49,"column":null}},"3":{"start":{"line":2,"column":0},"end":{"line":2,"column":null}}},"fnMap":{"0":{"name":"(anonymous_4)","decl":{"start":{"line":2,"column":0},"end":{"line":2,"column":null}},"loc":{"start":{"line":2,"column":0},"end":{"line":2,"column":null}}}},"branchMap":{"0":{"loc":{"start":{"line":2,"column":0},"end":{"line":2,"column":null}},"type":"if","locations":[{"start":{"line":2,"column":0},"end":{"line":2,"column":null}}]}},"s":{"0":1,"1":1,"2":1,"3":9},"f":{"0":2},"b":{"0":[0]}}
,"/home/ubuntu/Downloads/exam-online-master-2/src/views/Practice.vue": {"path":"/home/ubuntu/Downloads/exam-online-master-2/src/views/Practice.vue","statementMap":{"0":{"start":{"line":51,"column":0},"end":{"line":51,"column":null}},"1":{"start":{"line":52,"column":0},"end":{"line":52,"column":null}},"2":{"start":{"line":57,"column":0},"end":{"line":57,"column":null}},"3":{"start":{"line":60,"column":0},"end":{"line":60,"column":null}},"4":{"start":{"line":63,"column":0},"end":{"line":63,"column":null}},"5":{"start":{"line":66,"column":0},"end":{"line":66,"column":null}},"6":{"start":{"line":54,"column":0},"end":{"line":54,"column":null}},"7":{"start":{"line":55,"column":0},"end":{"line":55,"column":null}},"8":{"start":{"line":58,"column":0},"end":{"line":58,"column":null}},"9":{"start":{"line":61,"column":0},"end":{"line":61,"column":null}},"10":{"start":{"line":64,"column":0},"end":{"line":64,"column":null}},"11":{"start":{"line":64,"column":0},"end":{"line":153,"column":null}},"12":{"start":{"line":153,"column":0},"end":{"line":153,"column":null}},"13":{"start":{"line":1,"column":0},"end":{"line":1,"column":null}}},"fnMap":{"0":{"name":"(anonymous_10)","decl":{"start":{"line":1,"column":0},"end":{"line":1,"column":null}},"loc":{"start":{"line":1,"column":0},"end":{"line":1,"column":null}}}},"branchMap":{},"s":{"0":1,"1":1,"2":1,"3":1,"4":1,"5":1,"6":1,"7":1,"8":1,"9":1,"10":1,"11":1,"12":1,"13":13},"f":{"0":6},"b":{}}
,"/home/ubuntu/Downloads/exam-online-master-2/src/views/Record.vue": {"path":"/home/ubuntu/Downloads/exam-online-master-2/src/views/Record.vue","statementMap":{"0":{"start":{"line":94,"column":0},"end":{"line":94,"column":null}},"1":{"start":{"line":95,"column":0},"end":{"line":95,"column":null}},"2":{"start":{"line":100,"column":0},"end":{"line":100,"column":null}},"3":{"start":{"line":97,"column":0},"end":{"line":97,"column":null}},"4":{"start":{"line":98,"column":0},"end":{"line":98,"column":null}},"5":{"start":{"line":101,"column":0},"end":{"line":101,"column":null}},"6":{"start":{"line":101,"column":0},"end":{"line":180,"column":null}},"7":{"start":{"line":180,"column":0},"end":{"line":180,"column":null}},"8":{"start":{"line":1,"column":0},"end":{"line":1,"column":null}}},"fnMap":{"0":{"name":"(anonymous_14)","decl":{"start":{"line":1,"column":0},"end":{"line":1,"column":null}},"loc":{"start":{"line":1,"column":0},"end":{"line":1,"column":null}}}},"branchMap":{"0":{"loc":{"start":{"line":1,"column":0},"end":{"line":1,"column":null}},"type":"cond-expr","locations":[{"start":{"line":1,"column":0},"end":{"line":1,"column":null}},{"start":{"line":1,"column":0},"end":{"line":1,"column":null}}]}},"s":{"0":1,"1":1,"2":1,"3":1,"4":1,"5":1,"6":1,"7":1,"8":9},"f":{"0":2},"b":{"0":[0,0]}}
,"/home/ubuntu/Downloads/exam-online-master-2/src/views/Register.vue": {"path":"/home/ubuntu/Downloads/exam-online-master-2/src/views/Register.vue","statementMap":{"0":{"start":{"line":43,"column":0},"end":{"line":43,"column":null}},"1":{"start":{"line":44,"column":0},"end":{"line":44,"column":null}},"2":{"start":{"line":49,"column":0},"end":{"line":49,"column":null}},"3":{"start":{"line":54,"column":0},"end":{"line":54,"column":null}},"4":{"start":{"line":46,"column":0},"end":{"line":46,"column":null}},"5":{"start":{"line":47,"column":0},"end":{"line":47,"column":null}},"6":{"start":{"line":52,"column":0},"end":{"line":52,"column":null}},"7":{"start":{"line":52,"column":0},"end":{"line":186,"column":null}},"8":{"start":{"line":186,"column":0},"end":{"line":186,"column":null}},"9":{"start":{"line":1,"column":0},"end":{"line":1,"column":null}}},"fnMap":{"0":{"name":"(anonymous_8)","decl":{"start":{"line":1,"column":0},"end":{"line":1,"column":null}},"loc":{"start":{"line":1,"column":0},"end":{"line":1,"column":null}}}},"branchMap":{},"s":{"0":1,"1":1,"2":1,"3":1,"4":1,"5":1,"6":1,"7":1,"8":1,"9":9},"f":{"0":2},"b":{}}
}
