TN:
SF:sum.js
FN:1,sum
FNF:1
FNH:1
FNDA:1,sum
DA:2,1
DA:4,1
LF:2
LH:2
BRF:0
BRH:0
end_of_record
TN:
SF:src/components/HelloWorld.vue
FN:1,(anonymous_0)
FNF:1
FNH:1
FNDA:2,(anonymous_0)
DA:1,9
DA:33,1
DA:40,1
LF:3
LH:3
BRF:0
BRH:0
end_of_record
TN:
SF:src/components/Pagination.vue
FN:1,(anonymous_3)
FNF:1
FNH:1
FNDA:2,(anonymous_3)
DA:1,18
DA:8,4
DA:35,4
LF:3
LH:3
BRF:0
BRH:0
end_of_record
TN:
SF:src/components/SlideVerification.vue
FN:1,(anonymous_7)
FNF:1
FNH:1
FNDA:2,(anonymous_7)
DA:1,15
DA:9,3
DA:73,3
LF:3
LH:3
BRF:0
BRH:0
end_of_record
TN:
SF:src/components/TimeCountDown.vue
FN:1,(anonymous_7)
FNF:1
FNH:1
FNDA:2,(anonymous_7)
DA:1,12
DA:7,2
DA:76,2
LF:3
LH:3
BRF:0
BRH:0
end_of_record
TN:
SF:src/layout/index.vue
FN:1,(anonymous_7)
FNF:1
FNH:0
FNDA:0,(anonymous_7)
DA:1,12
DA:48,4
DA:90,4
LF:3
LH:3
BRF:0
BRH:0
end_of_record
TN:
SF:src/router/index.js
FN:13,(anonymous_0)
FN:22,(anonymous_1)
FN:30,(anonymous_2)
FN:38,(anonymous_3)
FN:46,(anonymous_4)
FN:54,(anonymous_5)
FN:62,(anonymous_6)
FN:70,(anonymous_7)
FN:80,(anonymous_8)
FN:88,(anonymous_9)
FN:96,(anonymous_10)
FN:104,(anonymous_11)
FN:112,(anonymous_12)
FN:120,(anonymous_13)
FN:135,(anonymous_14)
FNF:15
FNH:0
FNDA:0,(anonymous_0)
FNDA:0,(anonymous_1)
FNDA:0,(anonymous_2)
FNDA:0,(anonymous_3)
FNDA:0,(anonymous_4)
FNDA:0,(anonymous_5)
FNDA:0,(anonymous_6)
FNDA:0,(anonymous_7)
FNDA:0,(anonymous_8)
FNDA:0,(anonymous_9)
FNDA:0,(anonymous_10)
FNDA:0,(anonymous_11)
FNDA:0,(anonymous_12)
FNDA:0,(anonymous_13)
FNDA:0,(anonymous_14)
DA:5,4
DA:7,4
DA:13,0
DA:22,0
DA:30,0
DA:38,0
DA:46,0
DA:54,0
DA:62,0
DA:70,0
DA:80,0
DA:88,0
DA:96,0
DA:104,0
DA:112,0
DA:120,0
DA:127,4
DA:135,4
DA:137,0
DA:138,0
DA:141,0
DA:142,0
DA:144,0
DA:145,0
DA:146,0
DA:148,0
LF:26
LH:4
BRDA:137,0,0,0
BRDA:137,0,1,0
BRDA:141,1,0,0
BRDA:141,1,1,0
BRDA:141,2,0,0
BRDA:141,2,1,0
BRDA:145,3,0,0
BRDA:145,3,1,0
BRDA:145,4,0,0
BRDA:145,4,1,0
BRF:10
BRH:0
end_of_record
TN:
SF:src/store/index.js
FN:14,(anonymous_0)
FN:18,(anonymous_1)
FN:22,(anonymous_2)
FN:26,(anonymous_3)
FNF:4
FNH:0
FNDA:0,(anonymous_0)
FNDA:0,(anonymous_1)
FNDA:0,(anonymous_2)
FNDA:0,(anonymous_3)
DA:4,6
DA:15,0
DA:16,0
DA:19,0
DA:20,0
DA:23,0
DA:24,0
DA:27,0
DA:28,0
LF:9
LH:1
BRDA:8,0,0,0
BRDA:8,0,1,6
BRDA:9,1,0,0
BRDA:9,1,1,6
BRDA:10,2,0,0
BRDA:10,2,1,6
BRDA:11,3,0,0
BRDA:11,3,1,6
BRF:8
BRH:4
end_of_record
TN:
SF:src/views/Answer.vue
FN:1,(anonymous_53)
FNF:1
FNH:1
FNDA:2,(anonymous_53)
DA:1,9
DA:144,1
DA:145,1
DA:146,1
DA:148,1
DA:149,1
DA:151,1
DA:489,1
LF:8
LH:8
BRDA:1,0,0,2
BRDA:1,0,1,0
BRF:2
BRH:1
end_of_record
TN:
SF:src/views/Center.vue
FN:1,(anonymous_10)
FNF:1
FNH:1
FNDA:2,(anonymous_10)
DA:1,9
DA:40,1
DA:41,1
DA:43,1
DA:44,1
DA:45,1
DA:46,1
DA:47,1
DA:49,1
DA:50,1
DA:53,1
DA:164,1
LF:12
LH:12
BRF:0
BRH:0
end_of_record
TN:
SF:src/views/Exam.vue
FN:1,(anonymous_10)
FNF:1
FNH:1
FNDA:2,(anonymous_10)
DA:1,9
DA:41,1
DA:42,1
DA:44,1
DA:45,1
DA:47,1
DA:49,1
DA:50,1
DA:52,1
DA:139,1
LF:10
LH:10
BRDA:1,0,0,0
BRDA:1,0,1,0
BRF:2
BRH:0
end_of_record
TN:
SF:src/views/Grade.vue
FN:1,(anonymous_8)
FNF:1
FNH:1
FNDA:12,(anonymous_8)
DA:1,19
DA:51,1
DA:52,1
DA:54,1
DA:55,1
DA:57,1
DA:59,1
DA:60,1
DA:62,1
DA:124,1
LF:10
LH:10
BRDA:1,0,0,0
BRDA:1,0,1,0
BRF:2
BRH:0
end_of_record
TN:
SF:src/views/Login.vue
FN:1,(anonymous_6)
FNF:1
FNH:1
FNDA:2,(anonymous_6)
DA:1,9
DA:35,1
DA:36,1
DA:38,1
DA:39,1
DA:41,1
DA:42,1
DA:44,1
DA:45,1
DA:47,1
DA:114,1
LF:11
LH:11
BRF:0
BRH:0
end_of_record
TN:
SF:src/views/Mistakes.vue
FN:1,(anonymous_1)
FNF:1
FNH:1
FNDA:102,(anonymous_1)
DA:1,109
DA:17,1
DA:86,1
LF:3
LH:3
BRF:0
BRH:0
end_of_record
TN:
SF:src/views/Password.vue
FN:1,(anonymous_10)
FNF:1
FNH:1
FNDA:2,(anonymous_10)
DA:1,9
DA:21,1
DA:22,1
DA:24,1
DA:25,1
DA:27,1
DA:28,1
DA:30,1
DA:31,1
DA:144,1
LF:10
LH:10
BRF:0
BRH:0
end_of_record
TN:
SF:src/views/Payment.vue
FN:2,(anonymous_4)
FNF:1
FNH:1
FNDA:2,(anonymous_4)
DA:2,9
DA:16,1
DA:18,1
DA:49,1
LF:4
LH:4
BRDA:2,0,0,0
BRF:1
BRH:0
end_of_record
TN:
SF:src/views/Practice.vue
FN:1,(anonymous_10)
FNF:1
FNH:1
FNDA:6,(anonymous_10)
DA:1,13
DA:51,1
DA:52,1
DA:54,1
DA:55,1
DA:57,1
DA:58,1
DA:60,1
DA:61,1
DA:63,1
DA:64,1
DA:66,1
DA:153,1
LF:13
LH:13
BRF:0
BRH:0
end_of_record
TN:
SF:src/views/Record.vue
FN:1,(anonymous_14)
FNF:1
FNH:1
FNDA:2,(anonymous_14)
DA:1,9
DA:94,1
DA:95,1
DA:97,1
DA:98,1
DA:100,1
DA:101,1
DA:180,1
LF:8
LH:8
BRDA:1,0,0,0
BRDA:1,0,1,0
BRF:2
BRH:0
end_of_record
TN:
SF:src/views/Register.vue
FN:1,(anonymous_8)
FNF:1
FNH:1
FNDA:2,(anonymous_8)
DA:1,9
DA:43,1
DA:44,1
DA:46,1
DA:47,1
DA:49,1
DA:52,1
DA:54,1
DA:186,1
LF:9
LH:9
BRF:0
BRH:0
end_of_record
